12-Feb-2026 12:25:32.618 INFO [mail] org.apache.catalina.startup.VersionLoggerListener.log Server version name:   Apache Tomcat/11.0.18
12-Feb-2026 12:25:32.694 INFO [mail] org.apache.catalina.startup.VersionLoggerListener.log Server built:          Jan 23 2026 10:22:57 UTC
12-Feb-2026 12:25:32.698 INFO [mail] org.apache.catalina.startup.VersionLoggerListener.log Server version number: 11.0.18.0
12-Feb-2026 12:25:32.699 INFO [mail] org.apache.catalina.startup.VersionLoggerListener.log OS Name:               Linux
12-Feb-2026 12:25:32.699 INFO [mail] org.apache.catalina.startup.VersionLoggerListener.log OS Version:            6.17.9-arch1-1
12-Feb-2026 12:25:32.699 INFO [mail] org.apache.catalina.startup.VersionLoggerListener.log Architecture:          amd64
12-Feb-2026 12:25:32.699 INFO [mail] org.apache.catalina.startup.VersionLoggerListener.log Java Home:             /usr/lib/jvm/java-21-openjdk
12-Feb-2026 12:25:32.699 INFO [mail] org.apache.catalina.startup.VersionLoggerListener.log JVM Version:           21.0.9+10
12-Feb-2026 12:25:32.700 INFO [mail] org.apache.catalina.startup.VersionLoggerListener.log JVM Vendor:            Arch Linux
12-Feb-2026 12:25:32.705 INFO [mail] org.apache.catalina.startup.VersionLoggerListener.log CATALINA_BASE:         /home/lain/Smart-Task-F/apache-tomcat-11.0.18
12-Feb-2026 12:25:32.706 INFO [mail] org.apache.catalina.startup.VersionLoggerListener.log CATALINA_HOME:         /home/lain/Smart-Task-F/apache-tomcat-11.0.18
12-Feb-2026 12:25:32.760 INFO [mail] org.apache.catalina.startup.VersionLoggerListener.log Command line argument: -Djava.util.logging.config.file=/home/lain/Smart-Task-F/apache-tomcat-11.0.18/conf/logging.properties
12-Feb-2026 12:25:32.761 INFO [mail] org.apache.catalina.startup.VersionLoggerListener.log Command line argument: -Djava.util.logging.manager=org.apache.juli.ClassLoaderLogManager
12-Feb-2026 12:25:32.761 INFO [mail] org.apache.catalina.startup.VersionLoggerListener.log Command line argument: -Djdk.tls.ephemeralDHKeySize=2048
12-Feb-2026 12:25:32.761 INFO [mail] org.apache.catalina.startup.VersionLoggerListener.log Command line argument: -Dorg.apache.catalina.security.SecurityListener.UMASK=0027
12-Feb-2026 12:25:32.761 INFO [mail] org.apache.catalina.startup.VersionLoggerListener.log Command line argument: --add-opens=java.base/java.lang=ALL-UNNAMED
12-Feb-2026 12:25:32.761 INFO [mail] org.apache.catalina.startup.VersionLoggerListener.log Command line argument: --add-opens=java.base/java.lang.reflect=ALL-UNNAMED
12-Feb-2026 12:25:32.762 INFO [mail] org.apache.catalina.startup.VersionLoggerListener.log Command line argument: --add-opens=java.base/java.io=ALL-UNNAMED
12-Feb-2026 12:25:32.762 INFO [mail] org.apache.catalina.startup.VersionLoggerListener.log Command line argument: --add-opens=java.base/java.util=ALL-UNNAMED
12-Feb-2026 12:25:32.762 INFO [mail] org.apache.catalina.startup.VersionLoggerListener.log Command line argument: --add-opens=java.base/java.util.concurrent=ALL-UNNAMED
12-Feb-2026 12:25:32.764 INFO [mail] org.apache.catalina.startup.VersionLoggerListener.log Command line argument: --add-opens=java.rmi/sun.rmi.transport=ALL-UNNAMED
12-Feb-2026 12:25:32.765 INFO [mail] org.apache.catalina.startup.VersionLoggerListener.log Command line argument: --enable-native-access=ALL-UNNAMED
12-Feb-2026 12:25:32.765 INFO [mail] org.apache.catalina.startup.VersionLoggerListener.log Command line argument: -Dcatalina.base=/home/lain/Smart-Task-F/apache-tomcat-11.0.18
12-Feb-2026 12:25:32.765 INFO [mail] org.apache.catalina.startup.VersionLoggerListener.log Command line argument: -Dcatalina.home=/home/lain/Smart-Task-F/apache-tomcat-11.0.18
12-Feb-2026 12:25:32.765 INFO [mail] org.apache.catalina.startup.VersionLoggerListener.log Command line argument: -Djava.io.tmpdir=/home/lain/Smart-Task-F/apache-tomcat-11.0.18/temp
12-Feb-2026 12:25:32.771 INFO [mail] org.apache.catalina.core.AprLifecycleListener.lifecycleEvent The Apache Tomcat Native library which allows using OpenSSL was not found on the java.library.path: [/usr/java/packages/lib:/usr/lib64:/lib64:/lib:/usr/lib]
12-Feb-2026 12:25:34.115 INFO [mail] org.apache.coyote.AbstractProtocol.init Initializing ProtocolHandler ["http-nio-8080"]
12-Feb-2026 12:25:34.226 INFO [mail] org.apache.catalina.startup.Catalina.load Server initialization in [2094] milliseconds
12-Feb-2026 12:25:34.507 INFO [mail] org.apache.catalina.core.StandardService.startInternal Starting service [Catalina]
12-Feb-2026 12:25:34.507 INFO [mail] org.apache.catalina.core.StandardEngine.startInternal Starting Servlet engine: [Apache Tomcat/11.0.18]
12-Feb-2026 12:25:34.595 INFO [mail] org.apache.catalina.startup.HostConfig.deployWAR Deploying web application archive [/home/lain/Smart-Task-F/apache-tomcat-11.0.18/webapps/smarttask-backend-jdbc-1.0-SNAPSHOT.war]
12-Feb-2026 12:25:37.115 INFO [mail] org.apache.jasper.servlet.TldScanner.scanJars At least one JAR was scanned for TLDs yet contained no TLDs. Enable debug logging for this logger for a complete list of JARs that were scanned but no TLDs were found in them. Skipping unneeded JARs during scanning can improve startup time and JSP compilation time.
12-Feb-2026 12:25:37.223 INFO [mail] org.apache.catalina.startup.HostConfig.deployWAR Deployment of web application archive [/home/lain/Smart-Task-F/apache-tomcat-11.0.18/webapps/smarttask-backend-jdbc-1.0-SNAPSHOT.war] has finished in [2,624] ms
12-Feb-2026 12:25:37.224 INFO [mail] org.apache.catalina.startup.HostConfig.deployDirectory Deploying web application directory [/home/lain/Smart-Task-F/apache-tomcat-11.0.18/webapps/ROOT]
12-Feb-2026 12:25:38.270 INFO [mail] org.apache.jasper.servlet.TldScanner.scanJars At least one JAR was scanned for TLDs yet contained no TLDs. Enable debug logging for this logger for a complete list of JARs that were scanned but no TLDs were found in them. Skipping unneeded JARs during scanning can improve startup time and JSP compilation time.
12-Feb-2026 12:25:38.278 INFO [mail] org.apache.catalina.startup.HostConfig.deployDirectory Deployment of web application directory [/home/lain/Smart-Task-F/apache-tomcat-11.0.18/webapps/ROOT] has finished in [1,054] ms
12-Feb-2026 12:25:38.280 INFO [mail] org.apache.catalina.startup.HostConfig.deployDirectory Deploying web application directory [/home/lain/Smart-Task-F/apache-tomcat-11.0.18/webapps/docs]
12-Feb-2026 12:25:38.346 INFO [mail] org.apache.catalina.startup.HostConfig.deployDirectory Deployment of web application directory [/home/lain/Smart-Task-F/apache-tomcat-11.0.18/webapps/docs] has finished in [67] ms
12-Feb-2026 12:25:38.348 INFO [mail] org.apache.catalina.startup.HostConfig.deployDirectory Deploying web application directory [/home/lain/Smart-Task-F/apache-tomcat-11.0.18/webapps/examples]
12-Feb-2026 12:25:38.592 INFO [mail] org.apache.catalina.startup.HostConfig.deployDirectory Deployment of web application directory [/home/lain/Smart-Task-F/apache-tomcat-11.0.18/webapps/examples] has finished in [244] ms
12-Feb-2026 12:25:38.592 INFO [mail] org.apache.catalina.startup.HostConfig.deployDirectory Deploying web application directory [/home/lain/Smart-Task-F/apache-tomcat-11.0.18/webapps/host-manager]
12-Feb-2026 12:25:38.621 INFO [mail] org.apache.catalina.startup.HostConfig.deployDirectory Deployment of web application directory [/home/lain/Smart-Task-F/apache-tomcat-11.0.18/webapps/host-manager] has finished in [29] ms
12-Feb-2026 12:25:38.622 INFO [mail] org.apache.catalina.startup.HostConfig.deployDirectory Deploying web application directory [/home/lain/Smart-Task-F/apache-tomcat-11.0.18/webapps/manager]
12-Feb-2026 12:25:38.654 INFO [mail] org.apache.catalina.startup.HostConfig.deployDirectory Deployment of web application directory [/home/lain/Smart-Task-F/apache-tomcat-11.0.18/webapps/manager] has finished in [32] ms
12-Feb-2026 12:25:38.655 INFO [mail] org.apache.catalina.startup.HostConfig.deployDirectory Deploying web application directory [/home/lain/Smart-Task-F/apache-tomcat-11.0.18/webapps/smartTask]
12-Feb-2026 12:25:38.678 INFO [mail] org.apache.catalina.startup.HostConfig.deployDirectory Deployment of web application directory [/home/lain/Smart-Task-F/apache-tomcat-11.0.18/webapps/smartTask] has finished in [23] ms
12-Feb-2026 12:25:38.684 INFO [mail] org.apache.coyote.AbstractProtocol.start Starting ProtocolHandler ["http-nio-8080"]
12-Feb-2026 12:25:38.698 INFO [mail] org.apache.catalina.startup.Catalina.start Server startup in [4470] milliseconds
12-Feb-2026 12:29:24.762 SEVERE [http-nio-8080-exec-7] org.apache.tomcat.websocket.pojo.PojoEndpointBase.onError No error handling configured for [socket.CommentSocket] and the following error occurred
	java.io.EOFException
		at org.apache.tomcat.util.net.NioEndpoint$NioSocketWrapper.fillReadBuffer(NioEndpoint.java:1339)
		at org.apache.tomcat.util.net.NioEndpoint$NioSocketWrapper.read(NioEndpoint.java:1223)
		at org.apache.tomcat.websocket.server.WsFrameServer.onDataAvailable(WsFrameServer.java:74)
		at org.apache.tomcat.websocket.server.WsFrameServer.doOnDataAvailable(WsFrameServer.java:184)
		at org.apache.tomcat.websocket.server.WsFrameServer.notifyDataAvailable(WsFrameServer.java:164)
		at org.apache.tomcat.websocket.server.WsHttpUpgradeHandler.upgradeDispatch(WsHttpUpgradeHandler.java:152)
		at org.apache.coyote.http11.upgrade.UpgradeProcessorInternal.dispatch(UpgradeProcessorInternal.java:60)
		at org.apache.coyote.AbstractProcessorLight.process(AbstractProcessorLight.java:57)
		at org.apache.coyote.AbstractProtocol$ConnectionHandler.process(AbstractProtocol.java:903)
		at org.apache.tomcat.util.net.NioEndpoint$SocketProcessor.doRun(NioEndpoint.java:1779)
		at org.apache.tomcat.util.net.SocketProcessorBase.run(SocketProcessorBase.java:52)
		at org.apache.tomcat.util.threads.ThreadPoolExecutor.runWorker(ThreadPoolExecutor.java:946)
		at org.apache.tomcat.util.threads.ThreadPoolExecutor$Worker.run(ThreadPoolExecutor.java:480)
		at org.apache.tomcat.util.threads.TaskThread$WrappingRunnable.run(TaskThread.java:57)
		at java.base/java.lang.Thread.run(Thread.java:1583)
12-Feb-2026 12:31:17.579 SEVERE [http-nio-8080-exec-3] org.apache.tomcat.websocket.pojo.PojoEndpointBase.onError No error handling configured for [socket.CommentSocket] and the following error occurred
	java.io.EOFException
		at org.apache.tomcat.util.net.NioEndpoint$NioSocketWrapper.fillReadBuffer(NioEndpoint.java:1339)
		at org.apache.tomcat.util.net.NioEndpoint$NioSocketWrapper.read(NioEndpoint.java:1223)
		at org.apache.tomcat.websocket.server.WsFrameServer.onDataAvailable(WsFrameServer.java:74)
		at org.apache.tomcat.websocket.server.WsFrameServer.doOnDataAvailable(WsFrameServer.java:184)
		at org.apache.tomcat.websocket.server.WsFrameServer.notifyDataAvailable(WsFrameServer.java:164)
		at org.apache.tomcat.websocket.server.WsHttpUpgradeHandler.upgradeDispatch(WsHttpUpgradeHandler.java:152)
		at org.apache.coyote.http11.upgrade.UpgradeProcessorInternal.dispatch(UpgradeProcessorInternal.java:60)
		at org.apache.coyote.AbstractProcessorLight.process(AbstractProcessorLight.java:57)
		at org.apache.coyote.AbstractProtocol$ConnectionHandler.process(AbstractProtocol.java:903)
		at org.apache.tomcat.util.net.NioEndpoint$SocketProcessor.doRun(NioEndpoint.java:1779)
		at org.apache.tomcat.util.net.SocketProcessorBase.run(SocketProcessorBase.java:52)
		at org.apache.tomcat.util.threads.ThreadPoolExecutor.runWorker(ThreadPoolExecutor.java:946)
		at org.apache.tomcat.util.threads.ThreadPoolExecutor$Worker.run(ThreadPoolExecutor.java:480)
		at org.apache.tomcat.util.threads.TaskThread$WrappingRunnable.run(TaskThread.java:57)
		at java.base/java.lang.Thread.run(Thread.java:1583)
12-Feb-2026 12:31:17.582 SEVERE [http-nio-8080-exec-8] org.apache.tomcat.websocket.pojo.PojoEndpointBase.onError No error handling configured for [socket.CommentSocket] and the following error occurred
	java.io.EOFException
		at org.apache.tomcat.util.net.NioEndpoint$NioSocketWrapper.fillReadBuffer(NioEndpoint.java:1339)
		at org.apache.tomcat.util.net.NioEndpoint$NioSocketWrapper.read(NioEndpoint.java:1223)
		at org.apache.tomcat.websocket.server.WsFrameServer.onDataAvailable(WsFrameServer.java:74)
		at org.apache.tomcat.websocket.server.WsFrameServer.doOnDataAvailable(WsFrameServer.java:184)
		at org.apache.tomcat.websocket.server.WsFrameServer.notifyDataAvailable(WsFrameServer.java:164)
		at org.apache.tomcat.websocket.server.WsHttpUpgradeHandler.upgradeDispatch(WsHttpUpgradeHandler.java:152)
		at org.apache.coyote.http11.upgrade.UpgradeProcessorInternal.dispatch(UpgradeProcessorInternal.java:60)
		at org.apache.coyote.AbstractProcessorLight.process(AbstractProcessorLight.java:57)
		at org.apache.coyote.AbstractProtocol$ConnectionHandler.process(AbstractProtocol.java:903)
		at org.apache.tomcat.util.net.NioEndpoint$SocketProcessor.doRun(NioEndpoint.java:1779)
		at org.apache.tomcat.util.net.SocketProcessorBase.run(SocketProcessorBase.java:52)
		at org.apache.tomcat.util.threads.ThreadPoolExecutor.runWorker(ThreadPoolExecutor.java:946)
		at org.apache.tomcat.util.threads.ThreadPoolExecutor$Worker.run(ThreadPoolExecutor.java:480)
		at org.apache.tomcat.util.threads.TaskThread$WrappingRunnable.run(TaskThread.java:57)
		at java.base/java.lang.Thread.run(Thread.java:1583)
